This is pdfTeX, Version 3.14159265-2.6-1.40.19 (TeX Live 2018/Arch Linux) (preloaded format=pdflatex 2018.12.5)  6 DEC 2018 23:26
entering extended mode
 restricted \write18 enabled.
 %&-line parsing enabled.
**sprawozdanie.tex
(./sprawozdanie.tex
LaTeX2e <2018-04-01> patch level 5
(/usr/share/texmf-dist/tex/latex/base/article.cls
Document Class: article 2014/09/29 v1.4h Standard LaTeX document class
(/usr/share/texmf-dist/tex/latex/base/size12.clo
File: size12.clo 2014/09/29 v1.4h Standard LaTeX file (size option)
)
\c@part=\count80
\c@section=\count81
\c@subsection=\count82
\c@subsubsection=\count83
\c@paragraph=\count84
\c@subparagraph=\count85
\c@figure=\count86
\c@table=\count87
\abovecaptionskip=\skip41
\belowcaptionskip=\skip42
\bibindent=\dimen102
)
(/usr/share/texmf-dist/tex/latex/polski/polski.sty
Package: polski 2017/05/04 v1.3.4 Polish language package

   Switching to Polish text encoding and Polish maths fonts.
(/usr/share/texmf-dist/tex/latex/base/ot4enc.def
File: ot4enc.def 2017/04/05 v2.0i Standard LaTeX file
Now handling font encoding OT4 ...
... no UTF-8 mapping file for font encoding OT4
)
LaTeX Font Info:    Try loading font information for OT4+cmr on input line 360.


(/usr/share/texmf-dist/tex/latex/polski/ot4cmr.fd
File: ot4cmr.fd 2008/02/24 v1.2.1 Font defs for fonts PL (MW)
)
LaTeX Font Info:    Overwriting math alphabet `\mathbf' in version `normal'
(Font)                  OT1/cmr/bx/n --> OT4/cmr/bx/n on input line 360.
LaTeX Font Info:    Overwriting math alphabet `\mathsf' in version `normal'
(Font)                  OT1/cmss/m/n --> OT4/cmss/m/n on input line 360.
LaTeX Font Info:    Overwriting math alphabet `\mathit' in version `normal'
(Font)                  OT1/cmr/m/it --> OT4/cmr/m/it on input line 360.
LaTeX Font Info:    Overwriting math alphabet `\mathtt' in version `normal'
(Font)                  OT1/cmtt/m/n --> OT4/cmtt/m/n on input line 360.
LaTeX Font Info:    Overwriting math alphabet `\mathsf' in version `bold'
(Font)                  OT1/cmss/bx/n --> OT4/cmss/bx/n on input line 360.
LaTeX Font Info:    Overwriting math alphabet `\mathit' in version `bold'
(Font)                  OT1/cmr/bx/it --> OT4/cmr/bx/it on input line 360.
LaTeX Font Info:    Encoding `OT1' has changed to `OT4' for symbol font
(Font)              `operators' in the math version `normal' on input line 360.

LaTeX Font Info:    Overwriting symbol font `operators' in version `normal'
(Font)                  OT1/cmr/m/n --> OT4/cmr/m/n on input line 360.
LaTeX Font Info:    Overwriting symbol font `letters' in version `normal'
(Font)                  OML/cmm/m/it --> OML/plm/m/it on input line 360.
LaTeX Font Info:    Overwriting symbol font `symbols' in version `normal'
(Font)                  OMS/cmsy/m/n --> OMS/plsy/m/n on input line 360.
LaTeX Font Info:    Overwriting symbol font `largesymbols' in version `normal'
(Font)                  OMX/cmex/m/n --> OMX/plex/m/n on input line 360.
LaTeX Font Info:    Encoding `OT1' has changed to `OT4' for symbol font
(Font)              `operators' in the math version `bold' on input line 360.
LaTeX Font Info:    Overwriting symbol font `operators' in version `bold'
(Font)                  OT1/cmr/bx/n --> OT4/cmr/bx/n on input line 360.
LaTeX Font Info:    Overwriting symbol font `letters' in version `bold'
(Font)                  OML/cmm/b/it --> OML/plm/b/it on input line 360.
LaTeX Font Info:    Overwriting symbol font `symbols' in version `bold'
(Font)                  OMS/cmsy/b/n --> OMS/plsy/b/n on input line 360.
)
(/usr/share/texmf-dist/tex/latex/base/inputenc.sty
Package: inputenc 2018/04/06 v1.3b Input encoding file
\inpenc@prehook=\toks14
\inpenc@posthook=\toks15
)
(/usr/share/texmf-dist/tex/latex/geometry/geometry.sty
Package: geometry 2018/04/16 v5.8 Page Geometry

(/usr/share/texmf-dist/tex/latex/graphics/keyval.sty
Package: keyval 2014/10/28 v1.15 key=value parser (DPC)
\KV@toks@=\toks16
)
(/usr/share/texmf-dist/tex/generic/oberdiek/ifpdf.sty
Package: ifpdf 2018/09/07 v3.3 Provides the ifpdf switch
)
(/usr/share/texmf-dist/tex/generic/oberdiek/ifvtex.sty
Package: ifvtex 2016/05/16 v1.6 Detect VTeX and its facilities (HO)
Package ifvtex Info: VTeX not detected.
)
(/usr/share/texmf-dist/tex/generic/ifxetex/ifxetex.sty
Package: ifxetex 2010/09/12 v0.6 Provides ifxetex conditional
)
\Gm@cnth=\count88
\Gm@cntv=\count89
\c@Gm@tempcnt=\count90
\Gm@bindingoffset=\dimen103
\Gm@wd@mp=\dimen104
\Gm@odd@mp=\dimen105
\Gm@even@mp=\dimen106
\Gm@layoutwidth=\dimen107
\Gm@layoutheight=\dimen108
\Gm@layouthoffset=\dimen109
\Gm@layoutvoffset=\dimen110
\Gm@dimlist=\toks17
)
(/usr/share/texmf-dist/tex/latex/graphics/graphicx.sty
Package: graphicx 2017/06/01 v1.1a Enhanced LaTeX Graphics (DPC,SPQR)

(/usr/share/texmf-dist/tex/latex/graphics/graphics.sty
Package: graphics 2017/06/25 v1.2c Standard LaTeX Graphics (DPC,SPQR)

(/usr/share/texmf-dist/tex/latex/graphics/trig.sty
Package: trig 2016/01/03 v1.10 sin cos tan (DPC)
)
(/usr/share/texmf-dist/tex/latex/graphics-cfg/graphics.cfg
File: graphics.cfg 2016/06/04 v1.11 sample graphics configuration
)
Package graphics Info: Driver file: pdftex.def on input line 99.

(/usr/share/texmf-dist/tex/latex/graphics-def/pdftex.def
File: pdftex.def 2018/01/08 v1.0l Graphics/color driver for pdftex
))
\Gin@req@height=\dimen111
\Gin@req@width=\dimen112
)
(/usr/share/texmf-dist/tex/latex/amsmath/amsmath.sty
Package: amsmath 2017/09/02 v2.17a AMS math features
\@mathmargin=\skip43

For additional information on amsmath, use the `?' option.
(/usr/share/texmf-dist/tex/latex/amsmath/amstext.sty
Package: amstext 2000/06/29 v2.01 AMS text

(/usr/share/texmf-dist/tex/latex/amsmath/amsgen.sty
File: amsgen.sty 1999/11/30 v2.0 generic functions
\@emptytoks=\toks18
\ex@=\dimen113
))
(/usr/share/texmf-dist/tex/latex/amsmath/amsbsy.sty
Package: amsbsy 1999/11/29 v1.2d Bold Symbols
\pmbraise@=\dimen114
)
(/usr/share/texmf-dist/tex/latex/amsmath/amsopn.sty
Package: amsopn 2016/03/08 v2.02 operator names
)
\inf@bad=\count91
LaTeX Info: Redefining \frac on input line 213.
\uproot@=\count92
\leftroot@=\count93
LaTeX Info: Redefining \overline on input line 375.
\classnum@=\count94
\DOTSCASE@=\count95
LaTeX Info: Redefining \ldots on input line 472.
LaTeX Info: Redefining \dots on input line 475.
LaTeX Info: Redefining \cdots on input line 596.
\Mathstrutbox@=\box26
\strutbox@=\box27
\big@size=\dimen115
LaTeX Font Info:    Redeclaring font encoding OML on input line 712.
LaTeX Font Info:    Redeclaring font encoding OMS on input line 713.
\macc@depth=\count96
\c@MaxMatrixCols=\count97
\dotsspace@=\muskip10
\c@parentequation=\count98
\dspbrk@lvl=\count99
\tag@help=\toks19
\row@=\count100
\column@=\count101
\maxfields@=\count102
\andhelp@=\toks20
\eqnshift@=\dimen116
\alignsep@=\dimen117
\tagshift@=\dimen118
\tagwidth@=\dimen119
\totwidth@=\dimen120
\lineht@=\dimen121
\@envbody=\toks21
\multlinegap=\skip44
\multlinetaggap=\skip45
\mathdisplay@stack=\toks22
LaTeX Info: Redefining \[ on input line 2817.
LaTeX Info: Redefining \] on input line 2818.
)
(/usr/share/texmf-dist/tex/latex/listings/listings.sty
\lst@mode=\count103
\lst@gtempboxa=\box28
\lst@token=\toks23
\lst@length=\count104
\lst@currlwidth=\dimen122
\lst@column=\count105
\lst@pos=\count106
\lst@lostspace=\dimen123
\lst@width=\dimen124
\lst@newlines=\count107
\lst@lineno=\count108
\lst@maxwidth=\dimen125

(/usr/share/texmf-dist/tex/latex/listings/lstmisc.sty
File: lstmisc.sty 2018/09/02 1.7 (Carsten Heinz)
\c@lstnumber=\count109
\lst@skipnumbers=\count110
\lst@framebox=\box29
)
(/usr/share/texmf-dist/tex/latex/listings/listings.cfg
File: listings.cfg 2018/09/02 1.7 listings configuration
))
Package: listings 2018/09/02 1.7 (Carsten Heinz)

(/usr/share/texmf-dist/tex/latex/graphics/color.sty
Package: color 2016/07/10 v1.1e Standard LaTeX Color (DPC)

(/usr/share/texmf-dist/tex/latex/graphics-cfg/color.cfg
File: color.cfg 2016/01/02 v1.6 sample color configuration
)
Package color Info: Driver file: pdftex.def on input line 147.
)
(/usr/share/texmf-dist/tex/latex/hyperref/hyperref.sty
Package: hyperref 2018/09/30 v6.88a Hypertext links for LaTeX

(/usr/share/texmf-dist/tex/generic/oberdiek/hobsub-hyperref.sty
Package: hobsub-hyperref 2016/05/16 v1.14 Bundle oberdiek, subset hyperref (HO)


(/usr/share/texmf-dist/tex/generic/oberdiek/hobsub-generic.sty
Package: hobsub-generic 2016/05/16 v1.14 Bundle oberdiek, subset generic (HO)
Package: hobsub 2016/05/16 v1.14 Construct package bundles (HO)
Package: infwarerr 2016/05/16 v1.4 Providing info/warning/error messages (HO)
Package: ltxcmds 2016/05/16 v1.23 LaTeX kernel commands for general use (HO)
Package: ifluatex 2016/05/16 v1.4 Provides the ifluatex switch (HO)
Package ifluatex Info: LuaTeX not detected.
Package hobsub Info: Skipping package `ifvtex' (already loaded).
Package: intcalc 2016/05/16 v1.2 Expandable calculations with integers (HO)
Package hobsub Info: Skipping package `ifpdf' (already loaded).
Package: etexcmds 2016/05/16 v1.6 Avoid name clashes with e-TeX commands (HO)
Package etexcmds Info: Could not find \expanded.
(etexcmds)             That can mean that you are not using pdfTeX 1.50 or
(etexcmds)             that some package has redefined \expanded.
(etexcmds)             In the latter case, load this package earlier.
Package: kvsetkeys 2016/05/16 v1.17 Key value parser (HO)
Package: kvdefinekeys 2016/05/16 v1.4 Define keys (HO)
Package: pdftexcmds 2018/09/10 v0.29 Utility functions of pdfTeX for LuaTeX (HO
)
Package pdftexcmds Info: LuaTeX not detected.
Package pdftexcmds Info: \pdf@primitive is available.
Package pdftexcmds Info: \pdf@ifprimitive is available.
Package pdftexcmds Info: \pdfdraftmode found.
Package: pdfescape 2016/05/16 v1.14 Implements pdfTeX's escape features (HO)
Package: bigintcalc 2016/05/16 v1.4 Expandable calculations on big integers (HO
)
Package: bitset 2016/05/16 v1.2 Handle bit-vector datatype (HO)
Package: uniquecounter 2016/05/16 v1.3 Provide unlimited unique counter (HO)
)
Package hobsub Info: Skipping package `hobsub' (already loaded).
Package: letltxmacro 2016/05/16 v1.5 Let assignment for LaTeX macros (HO)
Package: hopatch 2016/05/16 v1.3 Wrapper for package hooks (HO)
Package: xcolor-patch 2016/05/16 xcolor patch
Package: atveryend 2016/05/16 v1.9 Hooks at the very end of document (HO)
Package atveryend Info: \enddocument detected (standard20110627).
Package: atbegshi 2016/06/09 v1.18 At begin shipout hook (HO)
Package: refcount 2016/05/16 v3.5 Data extraction from label references (HO)
Package: hycolor 2016/05/16 v1.8 Color options for hyperref/bookmark (HO)
)
(/usr/share/texmf-dist/tex/latex/oberdiek/auxhook.sty
Package: auxhook 2016/05/16 v1.4 Hooks for auxiliary files (HO)
)
(/usr/share/texmf-dist/tex/latex/oberdiek/kvoptions.sty
Package: kvoptions 2016/05/16 v3.12 Key value format for package options (HO)
)
\@linkdim=\dimen126
\Hy@linkcounter=\count111
\Hy@pagecounter=\count112

(/usr/share/texmf-dist/tex/latex/hyperref/pd1enc.def
File: pd1enc.def 2018/09/30 v6.88a Hyperref: PDFDocEncoding definition (HO)
Now handling font encoding PD1 ...
... no UTF-8 mapping file for font encoding PD1
)
\Hy@SavedSpaceFactor=\count113

(/usr/share/texmf-dist/tex/latex/latexconfig/hyperref.cfg
File: hyperref.cfg 2002/06/06 v1.2 hyperref configuration of TeXLive
)
Package hyperref Info: Option `colorlinks' set `true' on input line 4409.
Package hyperref Info: Hyper figures OFF on input line 4535.
Package hyperref Info: Link nesting OFF on input line 4540.
Package hyperref Info: Hyper index ON on input line 4543.
Package hyperref Info: Plain pages OFF on input line 4550.
Package hyperref Info: Backreferencing OFF on input line 4555.
Package hyperref Info: Implicit mode ON; LaTeX internals redefined.
Package hyperref Info: Bookmarks ON on input line 4788.
\c@Hy@tempcnt=\count114

(/usr/share/texmf-dist/tex/latex/url/url.sty
\Urlmuskip=\muskip11
Package: url 2013/09/16  ver 3.4  Verb mode for urls, etc.
)
LaTeX Info: Redefining \url on input line 5141.
\XeTeXLinkMargin=\dimen127
\Fld@menulength=\count115
\Field@Width=\dimen128
\Fld@charsize=\dimen129
Package hyperref Info: Hyper figures OFF on input line 6396.
Package hyperref Info: Link nesting OFF on input line 6401.
Package hyperref Info: Hyper index ON on input line 6404.
Package hyperref Info: backreferencing OFF on input line 6411.
Package hyperref Info: Link coloring ON on input line 6414.
Package hyperref Info: Link coloring with OCG OFF on input line 6421.
Package hyperref Info: PDF/A mode OFF on input line 6426.
LaTeX Info: Redefining \ref on input line 6466.
LaTeX Info: Redefining \pageref on input line 6470.
\Hy@abspage=\count116
\c@Item=\count117
\c@Hfootnote=\count118
)
Package hyperref Info: Driver (autodetected): hpdftex.

(/usr/share/texmf-dist/tex/latex/hyperref/hpdftex.def
File: hpdftex.def 2018/09/30 v6.88a Hyperref driver for pdfTeX
\Fld@listcount=\count119
\c@bookmark@seq@number=\count120

(/usr/share/texmf-dist/tex/latex/oberdiek/rerunfilecheck.sty
Package: rerunfilecheck 2016/05/16 v1.8 Rerun checks for auxiliary files (HO)
Package uniquecounter Info: New unique counter `rerunfilecheck' on input line 2
82.
)
\Hy@SectionHShift=\skip46
)
(/usr/share/texmf-dist/tex/latex/listings/lstlang1.sty
File: lstlang1.sty 2018/09/02 1.7 listings language file
) (./sprawozdanie.aux)
\openout1 = `sprawozdanie.aux'.

LaTeX Font Info:    Checking defaults for OML/cmm/m/it on input line 46.
LaTeX Font Info:    ... okay on input line 46.
LaTeX Font Info:    Checking defaults for T1/cmr/m/n on input line 46.
LaTeX Font Info:    ... okay on input line 46.
LaTeX Font Info:    Checking defaults for OT1/cmr/m/n on input line 46.
LaTeX Font Info:    ... okay on input line 46.
LaTeX Font Info:    Checking defaults for OMS/cmsy/m/n on input line 46.
LaTeX Font Info:    ... okay on input line 46.
LaTeX Font Info:    Checking defaults for OMX/cmex/m/n on input line 46.
LaTeX Font Info:    ... okay on input line 46.
LaTeX Font Info:    Checking defaults for U/cmr/m/n on input line 46.
LaTeX Font Info:    ... okay on input line 46.
LaTeX Font Info:    Checking defaults for OT4/cmr/m/n on input line 46.
LaTeX Font Info:    ... okay on input line 46.
LaTeX Font Info:    Checking defaults for PD1/pdf/m/n on input line 46.
LaTeX Font Info:    ... okay on input line 46.

*geometry* driver: auto-detecting
*geometry* detected driver: pdftex
*geometry* verbose mode - [ preamble ] result:
* driver: pdftex
* paper: a4paper
* layout: <same size as paper>
* layoutoffset:(h,v)=(0.0pt,0.0pt)
* modes: 
* h-part:(L,W,R)=(89.62709pt, 418.25368pt, 89.6271pt)
* v-part:(T,H,B)=(101.40665pt, 591.5302pt, 152.11pt)
* \paperwidth=597.50787pt
* \paperheight=845.04684pt
* \textwidth=418.25368pt
* \textheight=591.5302pt
* \oddsidemargin=17.3571pt
* \evensidemargin=17.3571pt
* \topmargin=-7.86334pt
* \headheight=12.0pt
* \headsep=25.0pt
* \topskip=12.0pt
* \footskip=30.0pt
* \marginparwidth=35.0pt
* \marginparsep=10.0pt
* \columnsep=10.0pt
* \skip\footins=10.8pt plus 4.0pt minus 2.0pt
* \hoffset=0.0pt
* \voffset=0.0pt
* \mag=1000
* \@twocolumnfalse
* \@twosidefalse
* \@mparswitchfalse
* \@reversemarginfalse
* (1in=72.27pt=25.4mm, 1cm=28.453pt)

(/usr/share/texmf-dist/tex/context/base/mkii/supp-pdf.mkii
[Loading MPS to PDF converter (version 2006.09.02).]
\scratchcounter=\count121
\scratchdimen=\dimen130
\scratchbox=\box30
\nofMPsegments=\count122
\nofMParguments=\count123
\everyMPshowfont=\toks24
\MPscratchCnt=\count124
\MPscratchDim=\dimen131
\MPnumerator=\count125
\makeMPintoPDFobject=\count126
\everyMPtoPDFconversion=\toks25
) (/usr/share/texmf-dist/tex/latex/oberdiek/epstopdf-base.sty
Package: epstopdf-base 2016/05/15 v2.6 Base part for package epstopdf

(/usr/share/texmf-dist/tex/latex/oberdiek/grfext.sty
Package: grfext 2016/05/16 v1.2 Manage graphics extensions (HO)
)
Package epstopdf-base Info: Redefining graphics rule for `.eps' on input line 4
38.
Package grfext Info: Graphics extension search list:
(grfext)             [.pdf,.png,.jpg,.mps,.jpeg,.jbig2,.jb2,.PDF,.PNG,.JPG,.JPE
G,.JBIG2,.JB2,.eps]
(grfext)             \AppendGraphicsExtensions on input line 456.

(/usr/share/texmf-dist/tex/latex/latexconfig/epstopdf-sys.cfg
File: epstopdf-sys.cfg 2010/07/13 v1.3 Configuration of (r)epstopdf for TeX Liv
e
))
\c@lstlisting=\count127
\AtBeginShipoutBox=\box31
Package hyperref Info: Link coloring ON on input line 46.

(/usr/share/texmf-dist/tex/latex/hyperref/nameref.sty
Package: nameref 2016/05/21 v2.44 Cross-referencing by name of section

(/usr/share/texmf-dist/tex/generic/oberdiek/gettitlestring.sty
Package: gettitlestring 2016/05/16 v1.5 Cleanup title references (HO)
)
\c@section@level=\count128
)
LaTeX Info: Redefining \ref on input line 46.
LaTeX Info: Redefining \pageref on input line 46.
LaTeX Info: Redefining \nameref on input line 46.

(./sprawozdanie.out) (./sprawozdanie.out)
\@outlinefile=\write3
\openout3 = `sprawozdanie.out'.

*geometry* verbose mode - [ newgeometry ] result:
* driver: pdftex
* paper: a4paper
* layout: <same size as paper>
* layoutoffset:(h,v)=(0.0pt,0.0pt)
* modes: 
* h-part:(L,W,R)=(89.62709pt, 418.25368pt, 89.6271pt)
* v-part:(T,H,B)=(142.26378pt, 601.37642pt, 101.40665pt)
* \paperwidth=597.50787pt
* \paperheight=845.04684pt
* \textwidth=418.25368pt
* \textheight=601.37642pt
* \oddsidemargin=17.3571pt
* \evensidemargin=17.3571pt
* \topmargin=32.99379pt
* \headheight=12.0pt
* \headsep=25.0pt
* \topskip=12.0pt
* \footskip=30.0pt
* \marginparwidth=35.0pt
* \marginparsep=10.0pt
* \columnsep=10.0pt
* \skip\footins=10.8pt plus 4.0pt minus 2.0pt
* \hoffset=0.0pt
* \voffset=0.0pt
* \mag=1000
* \@twocolumnfalse
* \@twosidefalse
* \@mparswitchfalse
* \@reversemarginfalse
* (1in=72.27pt=25.4mm, 1cm=28.453pt)

<logo.jpg, id=36, 296.7888pt x 376.2858pt>
File: logo.jpg Graphic file (type jpg)
<use logo.jpg>
Package pdftex.def Info: logo.jpg  used on input line 59.
(pdftex.def)             Requested size: 113.81102pt x 144.29918pt.
 [1


{/var/lib/texmf/fonts/map/pdftex/updmap/pdftex.map} <./logo.jpg>]
*geometry* verbose mode - [ newgeometry ] result:
* driver: pdftex
* paper: a4paper
* layout: <same size as paper>
* layoutoffset:(h,v)=(0.0pt,0.0pt)
* modes: 
* h-part:(L,W,R)=(28.45274pt, 540.60239pt, 28.45274pt)
* v-part:(T,H,B)=(42.67912pt, 759.6886pt, 42.67912pt)
* \paperwidth=597.50787pt
* \paperheight=845.04684pt
* \textwidth=540.60239pt
* \textheight=759.6886pt
* \oddsidemargin=-43.81725pt
* \evensidemargin=-43.81725pt
* \topmargin=-66.59087pt
* \headheight=12.0pt
* \headsep=25.0pt
* \topskip=12.0pt
* \footskip=30.0pt
* \marginparwidth=35.0pt
* \marginparsep=10.0pt
* \columnsep=10.0pt
* \skip\footins=10.8pt plus 4.0pt minus 2.0pt
* \hoffset=0.0pt
* \voffset=0.0pt
* \mag=1000
* \@twocolumnfalse
* \@twosidefalse
* \@mparswitchfalse
* \@reversemarginfalse
* (1in=72.27pt=25.4mm, 1cm=28.453pt)


(/usr/share/texmf-dist/tex/latex/listings/lstlang1.sty
File: lstlang1.sty 2018/09/02 1.7 listings language file
)
(/usr/share/texmf-dist/tex/latex/listings/lstlang2.sty
File: lstlang2.sty 2018/09/02 1.7 listings language file
)
(/usr/share/texmf-dist/tex/latex/listings/lstlang3.sty
File: lstlang3.sty 2018/09/02 1.7 listings language file
)
LaTeX Font Info:    Try loading font information for OML+plm on input line 66.

(/usr/share/texmf-dist/tex/latex/polski/omlplm.fd
File: omlplm.fd 2008/02/24 v1.2.1 Font defs for fonts PL (MW)
)
LaTeX Font Info:    Try loading font information for OMS+plsy on input line 66.


(/usr/share/texmf-dist/tex/latex/polski/omsplsy.fd
File: omsplsy.fd 2008/02/24 v1.2.1 Font defs for fonts PL (MW)
)
LaTeX Font Info:    Try loading font information for OMX+plex on input line 66.


(/usr/share/texmf-dist/tex/latex/polski/omxplex.fd
File: omxplex.fd 2008/02/24 v1.2.1 Font defs for fonts PL (MW)
)
LaTeX Font Info:    External font `plex10' loaded for size
(Font)              <10> on input line 66.
LaTeX Font Info:    External font `plex10' loaded for size
(Font)              <7> on input line 66.
LaTeX Font Info:    External font `plex10' loaded for size
(Font)              <5> on input line 66.

(./Interpolation_nodes.pdf_tex
<Interpolation_nodes.pdf, id=44, page=1, 451.6875pt x 301.125pt>
File: Interpolation_nodes.pdf Graphic file (type pdf)
<use Interpolation_nodes.pdf, page 1>
Package pdftex.def Info: Interpolation_nodes.pdf , page1 used on input line 56.

(pdftex.def)             Requested size: 540.60239pt x 360.4476pt.
LaTeX Font Info:    External font `plex10' loaded for size
(Font)              <12> on input line 57.
LaTeX Font Info:    External font `plex10' loaded for size
(Font)              <8> on input line 57.
LaTeX Font Info:    External font `plex10' loaded for size
(Font)              <6> on input line 57.
<Interpolation_nodes.pdf, id=45, page=2, 451.6875pt x 301.125pt>
File: Interpolation_nodes.pdf Graphic file (type pdf)
<use Interpolation_nodes.pdf, page 2>
Package pdftex.def Info: Interpolation_nodes.pdf , page2 used on input line 68.

(pdftex.def)             Requested size: 540.60239pt x 360.4476pt.
)pdfTeX warning (ext4): destination with the same identifier (name{page.1}) has
 been already used, duplicate ignored
<to be read again> 
                   \relax 
l.81 \clearpage
                [1

 <./Interpolation_nodes.pdf> <./Interpolation_nodes.pdf

pdfTeX warning: /usr/bin/pdflatex (file ./Interpolation_nodes.pdf): PDF inclusi
on: multiple pdfs with page group included in a single page
>]
! Too many }'s.
l.82 \section{Lagrange}}
                        
You've closed more groups than you opened.
Such booboos are generally harmless, so keep going.

LaTeX Font Info:    Try loading font information for OMS+cmr on input line 86.
(/usr/share/texmf-dist/tex/latex/base/omscmr.fd
File: omscmr.fd 2014/09/29 v2.5h Standard LaTeX font definitions
)
LaTeX Font Info:    Font shape `OMS/cmr/m/n' in size <10> not available
(Font)              Font shape `OMS/cmsy/m/n' tried instead on input line 86.

(./Lagrange_interpolation.pdf_tex
<Lagrange_interpolation.pdf, id=210, page=1, 451.6875pt x 301.125pt>
File: Lagrange_interpolation.pdf Graphic file (type pdf)
<use Lagrange_interpolation.pdf, page 1>
Package pdftex.def Info: Lagrange_interpolation.pdf , page1 used on input line 
56.
(pdftex.def)             Requested size: 540.60239pt x 360.4476pt.
<Lagrange_interpolation.pdf, id=211, page=2, 451.6875pt x 301.125pt>
File: Lagrange_interpolation.pdf Graphic file (type pdf)
<use Lagrange_interpolation.pdf, page 2>
Package pdftex.def Info: Lagrange_interpolation.pdf , page2 used on input line 
67.
(pdftex.def)             Requested size: 540.60239pt x 360.4476pt.
<Lagrange_interpolation.pdf, id=212, page=3, 451.6875pt x 301.125pt>
File: Lagrange_interpolation.pdf Graphic file (type pdf)
<use Lagrange_interpolation.pdf, page 3>
Package pdftex.def Info: Lagrange_interpolation.pdf , page3 used on input line 
69.
(pdftex.def)             Requested size: 540.60239pt x 360.4476pt.
) [2

 <./Lagrange_interpolation.pdf> <./Lagrange_interpolation.pdf

pdfTeX warning: /usr/bin/pdflatex (file ./Lagrange_interpolation.pdf): PDF incl
usion: multiple pdfs with page group included in a single page
> <./Lagrange_interpolation.pdf

pdfTeX warning: /usr/bin/pdflatex (file ./Lagrange_interpolation.pdf): PDF incl
usion: multiple pdfs with page group included in a single page
>] (./Newton_interpolation.pdf_tex
<Newton_interpolation.pdf, id=381, page=1, 451.6875pt x 301.125pt>
File: Newton_interpolation.pdf Graphic file (type pdf)
<use Newton_interpolation.pdf, page 1>
Package pdftex.def Info: Newton_interpolation.pdf , page1 used on input line 56
.
(pdftex.def)             Requested size: 540.60239pt x 360.4476pt.
<Newton_interpolation.pdf, id=382, page=2, 451.6875pt x 301.125pt>
File: Newton_interpolation.pdf Graphic file (type pdf)
<use Newton_interpolation.pdf, page 2>
Package pdftex.def Info: Newton_interpolation.pdf , page2 used on input line 67
.
(pdftex.def)             Requested size: 540.60239pt x 360.4476pt.
<Newton_interpolation.pdf, id=383, page=3, 451.6875pt x 301.125pt>
File: Newton_interpolation.pdf Graphic file (type pdf)
<use Newton_interpolation.pdf, page 3>
Package pdftex.def Info: Newton_interpolation.pdf , page3 used on input line 69
.
(pdftex.def)             Requested size: 540.60239pt x 360.4476pt.
) [3

] [4 <./Newton_interpolation.pdf> <./Newton_interpolation.pdf

pdfTeX warning: /usr/bin/pdflatex (file ./Newton_interpolation.pdf): PDF inclus
ion: multiple pdfs with page group included in a single page
> <./Newton_interpolation.pdf

pdfTeX warning: /usr/bin/pdflatex (file ./Newton_interpolation.pdf): PDF inclus
ion: multiple pdfs with page group included in a single page
>] (./Polynomials_interpolation.pdf_tex
<Polynomials_interpolation.pdf, id=578, page=1, 451.6875pt x 301.125pt>
File: Polynomials_interpolation.pdf Graphic file (type pdf)
<use Polynomials_interpolation.pdf, page 1>
Package pdftex.def Info: Polynomials_interpolation.pdf , page1 used on input li
ne 56.
(pdftex.def)             Requested size: 540.60239pt x 360.4476pt.
<Polynomials_interpolation.pdf, id=579, page=2, 451.6875pt x 301.125pt>
File: Polynomials_interpolation.pdf Graphic file (type pdf)
<use Polynomials_interpolation.pdf, page 2>
Package pdftex.def Info: Polynomials_interpolation.pdf , page2 used on input li
ne 67.
(pdftex.def)             Requested size: 540.60239pt x 360.4476pt.
<Polynomials_interpolation.pdf, id=580, page=3, 451.6875pt x 301.125pt>
File: Polynomials_interpolation.pdf Graphic file (type pdf)
<use Polynomials_interpolation.pdf, page 3>
Package pdftex.def Info: Polynomials_interpolation.pdf , page3 used on input li
ne 69.
(pdftex.def)             Requested size: 540.60239pt x 360.4476pt.
) [5

 <./Polynomials_interpolation.pdf> <./Polynomials_interpolation.pdf

pdfTeX warning: /usr/bin/pdflatex (file ./Polynomials_interpolation.pdf): PDF i
nclusion: multiple pdfs with page group included in a single page
> <./Polynomials_interpolation.pdf

pdfTeX warning: /usr/bin/pdflatex (file ./Polynomials_interpolation.pdf): PDF i
nclusion: multiple pdfs with page group included in a single page
>] (./Interpolation_comparison.pdf_tex
<Interpolation_comparison.pdf, id=742, page=1, 451.6875pt x 301.125pt>
File: Interpolation_comparison.pdf Graphic file (type pdf)
<use Interpolation_comparison.pdf, page 1>
Package pdftex.def Info: Interpolation_comparison.pdf , page1 used on input lin
e 56.
(pdftex.def)             Requested size: 540.60239pt x 360.4476pt.
<Interpolation_comparison.pdf, id=743, page=2, 451.6875pt x 301.125pt>
File: Interpolation_comparison.pdf Graphic file (type pdf)
<use Interpolation_comparison.pdf, page 2>
Package pdftex.def Info: Interpolation_comparison.pdf , page2 used on input lin
e 67.
(pdftex.def)             Requested size: 540.60239pt x 360.4476pt.
<Interpolation_comparison.pdf, id=744, page=3, 451.6875pt x 301.125pt>
File: Interpolation_comparison.pdf Graphic file (type pdf)
<use Interpolation_comparison.pdf, page 3>
Package pdftex.def Info: Interpolation_comparison.pdf , page3 used on input lin
e 69.
(pdftex.def)             Requested size: 540.60239pt x 360.4476pt.
<Interpolation_comparison.pdf, id=745, page=4, 451.6875pt x 301.125pt>
File: Interpolation_comparison.pdf Graphic file (type pdf)
<use Interpolation_comparison.pdf, page 4>
Package pdftex.def Info: Interpolation_comparison.pdf , page4 used on input lin
e 71.
(pdftex.def)             Requested size: 540.60239pt x 360.4476pt.
<Interpolation_comparison.pdf, id=746, page=5, 451.6875pt x 301.125pt>
File: Interpolation_comparison.pdf Graphic file (type pdf)
<use Interpolation_comparison.pdf, page 5>
Package pdftex.def Info: Interpolation_comparison.pdf , page5 used on input lin
e 73.
(pdftex.def)             Requested size: 540.60239pt x 360.4476pt.
) [6

 <./Interpolation_comparison.pdf> <./Interpolation_comparison.pdf

pdfTeX warning: /usr/bin/pdflatex (file ./Interpolation_comparison.pdf): PDF in
clusion: multiple pdfs with page group included in a single page
> <./Interpolation_comparison.pdf

pdfTeX warning: /usr/bin/pdflatex (file ./Interpolation_comparison.pdf): PDF in
clusion: multiple pdfs with page group included in a single page
> <./Interpolation_comparison.pdf

pdfTeX warning: /usr/bin/pdflatex (file ./Interpolation_comparison.pdf): PDF in
clusion: multiple pdfs with page group included in a single page
> <./Interpolation_comparison.pdf

pdfTeX warning: /usr/bin/pdflatex (file ./Interpolation_comparison.pdf): PDF in
clusion: multiple pdfs with page group included in a single page
>] (./Interpolation_time_comparison.pdf_tex
<Interpolation_time_comparison.pdf, id=934, page=1, 451.6875pt x 301.125pt>
File: Interpolation_time_comparison.pdf Graphic file (type pdf)
<use Interpolation_time_comparison.pdf, page 1>
Package pdftex.def Info: Interpolation_time_comparison.pdf , page1 used on inpu
t line 56.
(pdftex.def)             Requested size: 540.60239pt x 360.4476pt.
<Interpolation_time_comparison.pdf, id=935, page=2, 451.6875pt x 301.125pt>
File: Interpolation_time_comparison.pdf Graphic file (type pdf)
<use Interpolation_time_comparison.pdf, page 2>
Package pdftex.def Info: Interpolation_time_comparison.pdf , page2 used on inpu
t line 70.
(pdftex.def)             Requested size: 540.60239pt x 360.4476pt.
<Interpolation_time_comparison.pdf, id=936, page=3, 451.6875pt x 301.125pt>
File: Interpolation_time_comparison.pdf Graphic file (type pdf)
<use Interpolation_time_comparison.pdf, page 3>
Package pdftex.def Info: Interpolation_time_comparison.pdf , page3 used on inpu
t line 72.
(pdftex.def)             Requested size: 540.60239pt x 360.4476pt.
<Interpolation_time_comparison.pdf, id=937, page=4, 451.6875pt x 301.125pt>
File: Interpolation_time_comparison.pdf Graphic file (type pdf)
<use Interpolation_time_comparison.pdf, page 4>
Package pdftex.def Info: Interpolation_time_comparison.pdf , page4 used on inpu
t line 74.
(pdftex.def)             Requested size: 540.60239pt x 360.4476pt.
) [7 <./Interpolation_time_comparison.pdf> <./Interpolation_time_comparison.pdf


pdfTeX warning: /usr/bin/pdflatex (file ./Interpolation_time_comparison.pdf): P
DF inclusion: multiple pdfs with page group included in a single page
> <./Interpolation_time_comparison.pdf

pdfTeX warning: /usr/bin/pdflatex (file ./Interpolation_time_comparison.pdf): P
DF inclusion: multiple pdfs with page group included in a single page
> <./Interpolation_time_comparison.pdf

pdfTeX warning: /usr/bin/pdflatex (file ./Interpolation_time_comparison.pdf): P
DF inclusion: multiple pdfs with page group included in a single page
>] (./BSpline_linear_interpolation.pdf_tex
<BSpline_linear_interpolation.pdf, id=2185, page=1, 451.6875pt x 301.125pt>
File: BSpline_linear_interpolation.pdf Graphic file (type pdf)
<use BSpline_linear_interpolation.pdf, page 1>
Package pdftex.def Info: BSpline_linear_interpolation.pdf , page1 used on input
 line 56.
(pdftex.def)             Requested size: 540.60239pt x 360.4476pt.
<BSpline_linear_interpolation.pdf, id=2186, page=2, 451.6875pt x 301.125pt>
File: BSpline_linear_interpolation.pdf Graphic file (type pdf)
<use BSpline_linear_interpolation.pdf, page 2>
Package pdftex.def Info: BSpline_linear_interpolation.pdf , page2 used on input
 line 68.
(pdftex.def)             Requested size: 540.60239pt x 360.4476pt.
<BSpline_linear_interpolation.pdf, id=2187, page=3, 451.6875pt x 301.125pt>
File: BSpline_linear_interpolation.pdf Graphic file (type pdf)
<use BSpline_linear_interpolation.pdf, page 3>
Package pdftex.def Info: BSpline_linear_interpolation.pdf , page3 used on input
 line 70.
(pdftex.def)             Requested size: 540.60239pt x 360.4476pt.
) [8

 <./BSpline_linear_interpolation.pdf> <./BSpline_linear_interpolation.pdf

pdfTeX warning: /usr/bin/pdflatex (file ./BSpline_linear_interpolation.pdf): PD
F inclusion: multiple pdfs with page group included in a single page
> <./BSpline_linear_interpolation.pdf

pdfTeX warning: /usr/bin/pdflatex (file ./BSpline_linear_interpolation.pdf): PD
F inclusion: multiple pdfs with page group included in a single page
>] (./BSpline_cubic_interpolation.pdf_tex
<BSpline_cubic_interpolation.pdf, id=2353, page=1, 451.6875pt x 301.125pt>
File: BSpline_cubic_interpolation.pdf Graphic file (type pdf)
<use BSpline_cubic_interpolation.pdf, page 1>
Package pdftex.def Info: BSpline_cubic_interpolation.pdf , page1 used on input 
line 56.
(pdftex.def)             Requested size: 540.60239pt x 360.4476pt.
<BSpline_cubic_interpolation.pdf, id=2354, page=2, 451.6875pt x 301.125pt>
File: BSpline_cubic_interpolation.pdf Graphic file (type pdf)
<use BSpline_cubic_interpolation.pdf, page 2>
Package pdftex.def Info: BSpline_cubic_interpolation.pdf , page2 used on input 
line 68.
(pdftex.def)             Requested size: 540.60239pt x 360.4476pt.
<BSpline_cubic_interpolation.pdf, id=2355, page=3, 451.6875pt x 301.125pt>
File: BSpline_cubic_interpolation.pdf Graphic file (type pdf)
<use BSpline_cubic_interpolation.pdf, page 3>
Package pdftex.def Info: BSpline_cubic_interpolation.pdf , page3 used on input 
line 70.
(pdftex.def)             Requested size: 540.60239pt x 360.4476pt.
) [9

 <./BSpline_cubic_interpolation.pdf> <./BSpline_cubic_interpolation.pdf

pdfTeX warning: /usr/bin/pdflatex (file ./BSpline_cubic_interpolation.pdf): PDF
 inclusion: multiple pdfs with page group included in a single page
> <./BSpline_cubic_interpolation.pdf

pdfTeX warning: /usr/bin/pdflatex (file ./BSpline_cubic_interpolation.pdf): PDF
 inclusion: multiple pdfs with page group included in a single page
>] (./BSpline_quadratic_interpolation.pdf_tex
<BSpline_quadratic_interpolation.pdf, id=2521, page=1, 451.6875pt x 301.125pt>
File: BSpline_quadratic_interpolation.pdf Graphic file (type pdf)
<use BSpline_quadratic_interpolation.pdf, page 1>
Package pdftex.def Info: BSpline_quadratic_interpolation.pdf , page1 used on in
put line 56.
(pdftex.def)             Requested size: 540.60239pt x 360.4476pt.
<BSpline_quadratic_interpolation.pdf, id=2522, page=2, 451.6875pt x 301.125pt>
File: BSpline_quadratic_interpolation.pdf Graphic file (type pdf)
<use BSpline_quadratic_interpolation.pdf, page 2>
Package pdftex.def Info: BSpline_quadratic_interpolation.pdf , page2 used on in
put line 68.
(pdftex.def)             Requested size: 540.60239pt x 360.4476pt.
<BSpline_quadratic_interpolation.pdf, id=2523, page=3, 451.6875pt x 301.125pt>
File: BSpline_quadratic_interpolation.pdf Graphic file (type pdf)
<use BSpline_quadratic_interpolation.pdf, page 3>
Package pdftex.def Info: BSpline_quadratic_interpolation.pdf , page3 used on in
put line 70.
(pdftex.def)             Requested size: 540.60239pt x 360.4476pt.
) [10

 <./BSpline_quadratic_interpolation.pdf> <./BSpline_quadratic_interpolation.pdf


pdfTeX warning: /usr/bin/pdflatex (file ./BSpline_quadratic_interpolation.pdf):
 PDF inclusion: multiple pdfs with page group included in a single page
> <./BSpline_quadratic_interpolation.pdf

pdfTeX warning: /usr/bin/pdflatex (file ./BSpline_quadratic_interpolation.pdf):
 PDF inclusion: multiple pdfs with page group included in a single page
>] (./BSpline_Polynomials_interpolation_comparison.pdf_tex
<BSpline_Polynomials_interpolation_comparison.pdf, id=2689, page=1, 451.6875pt 
x 301.125pt>
File: BSpline_Polynomials_interpolation_comparison.pdf Graphic file (type pdf)
<use BSpline_Polynomials_interpolation_comparison.pdf, page 1>
Package pdftex.def Info: BSpline_Polynomials_interpolation_comparison.pdf , pag
e1 used on input line 56.
(pdftex.def)             Requested size: 540.60239pt x 360.4476pt.
<BSpline_Polynomials_interpolation_comparison.pdf, id=2690, page=2, 451.6875pt 
x 301.125pt>
File: BSpline_Polynomials_interpolation_comparison.pdf Graphic file (type pdf)
<use BSpline_Polynomials_interpolation_comparison.pdf, page 2>
Package pdftex.def Info: BSpline_Polynomials_interpolation_comparison.pdf , pag
e2 used on input line 67.
(pdftex.def)             Requested size: 540.60239pt x 360.4476pt.
<BSpline_Polynomials_interpolation_comparison.pdf, id=2691, page=3, 451.6875pt 
x 301.125pt>
File: BSpline_Polynomials_interpolation_comparison.pdf Graphic file (type pdf)
<use BSpline_Polynomials_interpolation_comparison.pdf, page 3>
Package pdftex.def Info: BSpline_Polynomials_interpolation_comparison.pdf , pag
e3 used on input line 69.
(pdftex.def)             Requested size: 540.60239pt x 360.4476pt.
<BSpline_Polynomials_interpolation_comparison.pdf, id=2692, page=4, 451.6875pt 
x 301.125pt>
File: BSpline_Polynomials_interpolation_comparison.pdf Graphic file (type pdf)
<use BSpline_Polynomials_interpolation_comparison.pdf, page 4>
Package pdftex.def Info: BSpline_Polynomials_interpolation_comparison.pdf , pag
e4 used on input line 71.
(pdftex.def)             Requested size: 540.60239pt x 360.4476pt.
<BSpline_Polynomials_interpolation_comparison.pdf, id=2693, page=5, 451.6875pt 
x 301.125pt>
File: BSpline_Polynomials_interpolation_comparison.pdf Graphic file (type pdf)
<use BSpline_Polynomials_interpolation_comparison.pdf, page 5>
Package pdftex.def Info: BSpline_Polynomials_interpolation_comparison.pdf , pag
e5 used on input line 73.
(pdftex.def)             Requested size: 540.60239pt x 360.4476pt.
<BSpline_Polynomials_interpolation_comparison.pdf, id=2694, page=6, 451.6875pt 
x 301.125pt>
File: BSpline_Polynomials_interpolation_comparison.pdf Graphic file (type pdf)
<use BSpline_Polynomials_interpolation_comparison.pdf, page 6>
Package pdftex.def Info: BSpline_Polynomials_interpolation_comparison.pdf , pag
e6 used on input line 75.
(pdftex.def)             Requested size: 540.60239pt x 360.4476pt.
) [11

 <./BSpline_Polynomials_interpolation_comparison.pdf> <./BSpline_Polynomials_in
terpolation_comparison.pdf

pdfTeX warning: /usr/bin/pdflatex (file ./BSpline_Polynomials_interpolation_com
parison.pdf): PDF inclusion: multiple pdfs with page group included in a single
 page
> <./BSpline_Polynomials_interpolation_comparison.pdf

pdfTeX warning: /usr/bin/pdflatex (file ./BSpline_Polynomials_interpolation_com
parison.pdf): PDF inclusion: multiple pdfs with page group included in a single
 page
> <./BSpline_Polynomials_interpolation_comparison.pdf

pdfTeX warning: /usr/bin/pdflatex (file ./BSpline_Polynomials_interpolation_com
parison.pdf): PDF inclusion: multiple pdfs with page group included in a single
 page
> <./BSpline_Polynomials_interpolation_comparison.pdf

pdfTeX warning: /usr/bin/pdflatex (file ./BSpline_Polynomials_interpolation_com
parison.pdf): PDF inclusion: multiple pdfs with page group included in a single
 page
> <./BSpline_Polynomials_interpolation_comparison.pdf

pdfTeX warning: /usr/bin/pdflatex (file ./BSpline_Polynomials_interpolation_com
parison.pdf): PDF inclusion: multiple pdfs with page group included in a single
 page
>] (./Runge5.pdf_tex
<Runge5.pdf, id=2875, page=1, 451.6875pt x 301.125pt>
File: Runge5.pdf Graphic file (type pdf)
<use Runge5.pdf, page 1>
Package pdftex.def Info: Runge5.pdf , page1 used on input line 56.
(pdftex.def)             Requested size: 540.60239pt x 360.4476pt.
<Runge5.pdf, id=2876, page=2, 451.6875pt x 301.125pt>
File: Runge5.pdf Graphic file (type pdf)
<use Runge5.pdf, page 2>
Package pdftex.def Info: Runge5.pdf , page2 used on input line 69.
(pdftex.def)             Requested size: 540.60239pt x 360.4476pt.
<Runge5.pdf, id=2877, page=3, 451.6875pt x 301.125pt>
File: Runge5.pdf Graphic file (type pdf)
<use Runge5.pdf, page 3>
Package pdftex.def Info: Runge5.pdf , page3 used on input line 71.
(pdftex.def)             Requested size: 540.60239pt x 360.4476pt.
<Runge5.pdf, id=2878, page=4, 451.6875pt x 301.125pt>
File: Runge5.pdf Graphic file (type pdf)
<use Runge5.pdf, page 4>
Package pdftex.def Info: Runge5.pdf , page4 used on input line 73.
(pdftex.def)             Requested size: 540.60239pt x 360.4476pt.
) (./Runge9.pdf_tex
<Runge9.pdf, id=2879, page=1, 451.6875pt x 301.125pt>
File: Runge9.pdf Graphic file (type pdf)
<use Runge9.pdf, page 1>
Package pdftex.def Info: Runge9.pdf , page1 used on input line 56.
(pdftex.def)             Requested size: 540.60239pt x 360.4476pt.
<Runge9.pdf, id=2880, page=2, 451.6875pt x 301.125pt>
File: Runge9.pdf Graphic file (type pdf)
<use Runge9.pdf, page 2>
Package pdftex.def Info: Runge9.pdf , page2 used on input line 68.
(pdftex.def)             Requested size: 540.60239pt x 360.4476pt.
<Runge9.pdf, id=2881, page=3, 451.6875pt x 301.125pt>
File: Runge9.pdf Graphic file (type pdf)
<use Runge9.pdf, page 3>
Package pdftex.def Info: Runge9.pdf , page3 used on input line 70.
(pdftex.def)             Requested size: 540.60239pt x 360.4476pt.
<Runge9.pdf, id=2882, page=4, 451.6875pt x 301.125pt>
File: Runge9.pdf Graphic file (type pdf)
<use Runge9.pdf, page 4>
Package pdftex.def Info: Runge9.pdf , page4 used on input line 72.
(pdftex.def)             Requested size: 540.60239pt x 360.4476pt.
) (./Runge13.pdf_tex
<Runge13.pdf, id=2883, page=1, 451.6875pt x 301.125pt>
File: Runge13.pdf Graphic file (type pdf)
<use Runge13.pdf, page 1>
Package pdftex.def Info: Runge13.pdf , page1 used on input line 56.
(pdftex.def)             Requested size: 540.60239pt x 360.4476pt.
<Runge13.pdf, id=2884, page=2, 451.6875pt x 301.125pt>
File: Runge13.pdf Graphic file (type pdf)
<use Runge13.pdf, page 2>
Package pdftex.def Info: Runge13.pdf , page2 used on input line 68.
(pdftex.def)             Requested size: 540.60239pt x 360.4476pt.
<Runge13.pdf, id=2885, page=3, 451.6875pt x 301.125pt>
File: Runge13.pdf Graphic file (type pdf)
<use Runge13.pdf, page 3>
Package pdftex.def Info: Runge13.pdf , page3 used on input line 70.
(pdftex.def)             Requested size: 540.60239pt x 360.4476pt.
<Runge13.pdf, id=2886, page=4, 451.6875pt x 301.125pt>
File: Runge13.pdf Graphic file (type pdf)
<use Runge13.pdf, page 4>
Package pdftex.def Info: Runge13.pdf , page4 used on input line 72.
(pdftex.def)             Requested size: 540.60239pt x 360.4476pt.
) [12

 <./Runge5.pdf> <./Runge5.pdf

pdfTeX warning: /usr/bin/pdflatex (file ./Runge5.pdf): PDF inclusion: multiple 
pdfs with page group included in a single page
> <./Runge5.pdf

pdfTeX warning: /usr/bin/pdflatex (file ./Runge5.pdf): PDF inclusion: multiple 
pdfs with page group included in a single page
> <./Runge5.pdf

pdfTeX warning: /usr/bin/pdflatex (file ./Runge5.pdf): PDF inclusion: multiple 
pdfs with page group included in a single page
>] [13 <./Runge9.pdf> <./Runge9.pdf

pdfTeX warning: /usr/bin/pdflatex (file ./Runge9.pdf): PDF inclusion: multiple 
pdfs with page group included in a single page
> <./Runge9.pdf

pdfTeX warning: /usr/bin/pdflatex (file ./Runge9.pdf): PDF inclusion: multiple 
pdfs with page group included in a single page
> <./Runge9.pdf

pdfTeX warning: /usr/bin/pdflatex (file ./Runge9.pdf): PDF inclusion: multiple 
pdfs with page group included in a single page
>] [14 <./Runge13.pdf> <./Runge13.pdf

pdfTeX warning: /usr/bin/pdflatex (file ./Runge13.pdf): PDF inclusion: multiple
 pdfs with page group included in a single page
> <./Runge13.pdf

pdfTeX warning: /usr/bin/pdflatex (file ./Runge13.pdf): PDF inclusion: multiple
 pdfs with page group included in a single page
> <./Runge13.pdf

pdfTeX warning: /usr/bin/pdflatex (file ./Runge13.pdf): PDF inclusion: multiple
 pdfs with page group included in a single page
>] (./Original.pdf_tex
<Original.pdf, id=3381, page=1, 451.6875pt x 301.125pt>
File: Original.pdf Graphic file (type pdf)
<use Original.pdf, page 1>
Package pdftex.def Info: Original.pdf , page1 used on input line 56.
(pdftex.def)             Requested size: 540.60239pt x 360.4476pt.
<Original.pdf, id=3382, page=2, 451.6875pt x 301.125pt>
File: Original.pdf Graphic file (type pdf)
<use Original.pdf, page 2>
Package pdftex.def Info: Original.pdf , page2 used on input line 68.
(pdftex.def)             Requested size: 540.60239pt x 360.4476pt.
<Original.pdf, id=3383, page=3, 451.6875pt x 301.125pt>
File: Original.pdf Graphic file (type pdf)
<use Original.pdf, page 3>
Package pdftex.def Info: Original.pdf , page3 used on input line 78.
(pdftex.def)             Requested size: 540.60239pt x 360.4476pt.
)
<2dInterpolation.png, id=3384, 642.4pt x 427.5975pt>
File: 2dInterpolation.png Graphic file (type png)
<use 2dInterpolation.png>
Package pdftex.def Info: 2dInterpolation.png  used on input line 334.
(pdftex.def)             Requested size: 0.0pt x 0.0pt.
 [15

 <./Original.pdf> <./Original.pdf

pdfTeX warning: /usr/bin/pdflatex (file ./Original.pdf): PDF inclusion: multipl
e pdfs with page group included in a single page
> <./Original.pdf

pdfTeX warning: /usr/bin/pdflatex (file ./Original.pdf): PDF inclusion: multipl
e pdfs with page group included in a single page
> <./2dInterpolation.png>] (./Nearest.pdf_tex
<Nearest.pdf, id=3637, page=1, 451.6875pt x 301.125pt>
File: Nearest.pdf Graphic file (type pdf)
<use Nearest.pdf, page 1>
Package pdftex.def Info: Nearest.pdf , page1 used on input line 56.
(pdftex.def)             Requested size: 540.60239pt x 360.4476pt.
<Nearest.pdf, id=3638, page=2, 451.6875pt x 301.125pt>
File: Nearest.pdf Graphic file (type pdf)
<use Nearest.pdf, page 2>
Package pdftex.def Info: Nearest.pdf , page2 used on input line 72.
(pdftex.def)             Requested size: 540.60239pt x 360.4476pt.
<Nearest.pdf, id=3639, page=3, 451.6875pt x 301.125pt>
File: Nearest.pdf Graphic file (type pdf)
<use Nearest.pdf, page 3>
Package pdftex.def Info: Nearest.pdf , page3 used on input line 82.
(pdftex.def)             Requested size: 540.60239pt x 360.4476pt.
) [16

 <./Nearest.pdf> <./Nearest.pdf

pdfTeX warning: /usr/bin/pdflatex (file ./Nearest.pdf): PDF inclusion: multiple
 pdfs with page group included in a single page
> <./Nearest.pdf

pdfTeX warning: /usr/bin/pdflatex (file ./Nearest.pdf): PDF inclusion: multiple
 pdfs with page group included in a single page
>] (./Bilinear.pdf_tex
<Bilinear.pdf, id=3924, page=1, 451.6875pt x 301.125pt>
File: Bilinear.pdf Graphic file (type pdf)
<use Bilinear.pdf, page 1>
Package pdftex.def Info: Bilinear.pdf , page1 used on input line 56.
(pdftex.def)             Requested size: 540.60239pt x 360.4476pt.
<Bilinear.pdf, id=3925, page=2, 451.6875pt x 301.125pt>
File: Bilinear.pdf Graphic file (type pdf)
<use Bilinear.pdf, page 2>
Package pdftex.def Info: Bilinear.pdf , page2 used on input line 72.
(pdftex.def)             Requested size: 540.60239pt x 360.4476pt.
<Bilinear.pdf, id=3926, page=3, 451.6875pt x 301.125pt>
File: Bilinear.pdf Graphic file (type pdf)
<use Bilinear.pdf, page 3>
Package pdftex.def Info: Bilinear.pdf , page3 used on input line 82.
(pdftex.def)             Requested size: 540.60239pt x 360.4476pt.
) [17

 <./Bilinear.pdf> <./Bilinear.pdf

pdfTeX warning: /usr/bin/pdflatex (file ./Bilinear.pdf): PDF inclusion: multipl
e pdfs with page group included in a single page
> <./Bilinear.pdf

pdfTeX warning: /usr/bin/pdflatex (file ./Bilinear.pdf): PDF inclusion: multipl
e pdfs with page group included in a single page
>] (./Bicubic.pdf_tex
<Bicubic.pdf, id=4211, page=1, 451.6875pt x 301.125pt>
File: Bicubic.pdf Graphic file (type pdf)
<use Bicubic.pdf, page 1>
Package pdftex.def Info: Bicubic.pdf , page1 used on input line 56.
(pdftex.def)             Requested size: 540.60239pt x 360.4476pt.
<Bicubic.pdf, id=4212, page=2, 451.6875pt x 301.125pt>
File: Bicubic.pdf Graphic file (type pdf)
<use Bicubic.pdf, page 2>
Package pdftex.def Info: Bicubic.pdf , page2 used on input line 72.
(pdftex.def)             Requested size: 540.60239pt x 360.4476pt.
<Bicubic.pdf, id=4213, page=3, 451.6875pt x 301.125pt>
File: Bicubic.pdf Graphic file (type pdf)
<use Bicubic.pdf, page 3>
Package pdftex.def Info: Bicubic.pdf , page3 used on input line 77.
(pdftex.def)             Requested size: 540.60239pt x 360.4476pt.
)
Package atveryend Info: Empty hook `BeforeClearDocument' on input line 408.
 [18

 <./Bicubic.pdf> <./Bicubic.pdf

pdfTeX warning: /usr/bin/pdflatex (file ./Bicubic.pdf): PDF inclusion: multiple
 pdfs with page group included in a single page
> <./Bicubic.pdf

pdfTeX warning: /usr/bin/pdflatex (file ./Bicubic.pdf): PDF inclusion: multiple
 pdfs with page group included in a single page
>]
Package atveryend Info: Empty hook `AfterLastShipout' on input line 408.
 (./sprawozdanie.aux)
Package atveryend Info: Executing hook `AtVeryEndDocument' on input line 408.
Package atveryend Info: Executing hook `AtEndAfterFileList' on input line 408.
Package rerunfilecheck Info: File `sprawozdanie.out' has not changed.
(rerunfilecheck)             Checksum: 1AD79031EF52C153270261FE28F95230;399.
Package atveryend Info: Empty hook `AtVeryVeryEnd' on input line 408.
 ) 
Here is how much of TeX's memory you used:
 9217 strings out of 492639
 133034 string characters out of 6135497
 529667 words of memory out of 5000000
 12741 multiletter control sequences out of 15000+600000
 12580 words of font info for 37 fonts, out of 8000000 for 9000
 1141 hyphenation exceptions out of 8191
 28i,15n,38p,615b,2069s stack positions out of 5000i,500n,10000p,200000b,80000s
{/usr/share/texmf-dist/fonts/enc/dvips/pl/plrm.enc}{/usr/share/texmf-dist/fon
ts/enc/dvips/pl/plms.enc}</usr/share/texmf-dist/fonts/type1/public/amsfonts/cm/
cmsy10.pfb></usr/share/texmf-dist/fonts/type1/public/pl/plbx12.pfb></usr/share/
texmf-dist/fonts/type1/public/pl/plr10.pfb></usr/share/texmf-dist/fonts/type1/p
ublic/pl/plr12.pfb></usr/share/texmf-dist/fonts/type1/public/pl/plr6.pfb></usr/
share/texmf-dist/fonts/type1/public/pl/plsy10.pfb>
Output written on sprawozdanie.pdf (19 pages, 1013630 bytes).
PDF statistics:
 4565 PDF objects out of 5155 (max. 8388607)
 3099 compressed objects within 31 object streams
 212 named destinations out of 1000 (max. 500000)
 370 words of extra memory for PDF output out of 10000 (max. 10000000)

